[2021-05-25T14:53:42.687] [DEBUG] cheese - login => username:admin,password:123456
[2021-05-25T14:53:42.688] [DEBUG] cheese - admin
[2021-05-25T14:53:42.703] [DEBUG] cheese - null
[2021-05-25T14:53:42.703] [DEBUG] cheese - null
[2021-11-20T03:14:42.525] [DEBUG] cheese - login => username:admin,password:123456
[2021-11-20T03:14:42.531] [DEBUG] cheese - admin
[2021-11-20T03:14:42.603] [DEBUG] cheese - null
[2021-11-20T03:14:42.604] [DEBUG] cheese - null
[2021-11-20T03:16:06.762] [DEBUG] cheese - login => username:admin,password:123456
[2021-11-20T03:16:06.763] [DEBUG] cheese - admin
[2021-11-20T03:16:06.768] [DEBUG] cheese - { inspect: [Function: inspect] }
[2021-11-20T03:16:06.770] [DEBUG] cheese - 查询失败
[2021-11-20T03:16:19.212] [DEBUG] cheese - login => username:admin,password:123456
[2021-11-20T03:16:19.212] [DEBUG] cheese - admin
[2021-11-20T03:16:19.224] [DEBUG] cheese - null
[2021-11-20T03:16:19.224] [DEBUG] cheese - null
[2021-11-20T03:16:23.868] [DEBUG] cheese - login => username:admin1,password:123456
[2021-11-20T03:16:23.868] [DEBUG] cheese - admin1
[2021-11-20T03:16:23.872] [DEBUG] cheese - null
[2021-11-20T03:16:23.872] [DEBUG] cheese - null
[2021-11-20T03:20:42.555] [DEBUG] cheese - login => username:admin,password:123456
[2021-11-20T03:20:42.555] [DEBUG] cheese - admin
[2021-11-20T03:20:42.566] [DEBUG] cheese - null
[2021-11-20T03:20:42.566] [DEBUG] cheese - null
[2021-11-20T07:04:37.540] [DEBUG] cheese - login => username:15684,password:sfsgrgsg
[2021-11-20T07:04:37.541] [DEBUG] cheese - 15684
[2021-11-20T07:04:37.551] [DEBUG] cheese - null
[2021-11-20T07:04:37.552] [DEBUG] cheese - null
[2021-11-20T07:04:53.070] [DEBUG] cheese - login => username:admin,password:123456
[2021-11-20T07:04:53.070] [DEBUG] cheese - admin
[2021-11-20T07:04:53.079] [DEBUG] cheese - null
[2021-11-20T07:04:53.079] [DEBUG] cheese - null
[2021-11-20T07:05:50.330] [DEBUG] cheese - login => username:admin,password:123456
[2021-11-20T07:05:50.330] [DEBUG] cheese - admin
[2021-11-20T07:05:50.336] [DEBUG] cheese - null
[2021-11-20T07:05:50.337] [DEBUG] cheese - null
[2021-11-20T07:09:51.441] [DEBUG] cheese - login => username:65611,password:sfosigho
[2021-11-20T07:09:51.441] [DEBUG] cheese - 65611
[2021-11-20T07:09:51.444] [DEBUG] cheese - null
[2021-11-20T07:09:51.444] [DEBUG] cheese - null
[2021-11-20T07:10:01.455] [DEBUG] cheese - login => username:admin,password:123456
[2021-11-20T07:10:01.455] [DEBUG] cheese - admin
[2021-11-20T07:10:01.459] [DEBUG] cheese - null
[2021-11-20T07:10:01.459] [DEBUG] cheese - null
[2021-11-20T07:17:52.601] [DEBUG] cheese - login => username:12348,password:sdfsgbbfgdfg
[2021-11-20T07:17:52.601] [DEBUG] cheese - 12348
[2021-11-20T07:17:52.605] [DEBUG] cheese - null
[2021-11-20T07:17:52.605] [DEBUG] cheese - null
[2021-11-20T07:18:02.077] [DEBUG] cheese - login => username:admin,password:123456
[2021-11-20T07:18:02.077] [DEBUG] cheese - admin
[2021-11-20T07:18:02.082] [DEBUG] cheese - null
[2021-11-20T07:18:02.083] [DEBUG] cheese - null
[2021-11-20T07:18:27.494] [DEBUG] cheese - login => username:admin,password:123456
[2021-11-20T07:18:27.494] [DEBUG] cheese - admin
[2021-11-20T07:18:27.501] [DEBUG] cheese - null
[2021-11-20T07:18:27.501] [DEBUG] cheese - null
[2021-11-20T07:18:50.574] [DEBUG] cheese - login => username:admin,password:123456
[2021-11-20T07:18:50.574] [DEBUG] cheese - admin
[2021-11-20T07:18:50.579] [DEBUG] cheese - null
[2021-11-20T07:18:50.579] [DEBUG] cheese - null
[2021-11-20T07:19:00.792] [DEBUG] cheese - login => username:admin,password:123456
[2021-11-20T07:19:00.793] [DEBUG] cheese - admin
[2021-11-20T07:19:00.795] [DEBUG] cheese - null
[2021-11-20T07:19:00.795] [DEBUG] cheese - null
[2021-11-20T07:22:47.637] [DEBUG] cheese - login => username:admin,password:123456
[2021-11-20T07:22:47.638] [DEBUG] cheese - admin
[2021-11-20T07:22:47.645] [DEBUG] cheese - null
[2021-11-20T07:22:47.645] [DEBUG] cheese - null
[2021-11-20T07:26:55.951] [DEBUG] cheese - login => username:admin,password:123456
[2021-11-20T07:26:55.951] [DEBUG] cheese - admin
[2021-11-20T07:26:55.954] [DEBUG] cheese - null
[2021-11-20T07:26:55.954] [DEBUG] cheese - null
[2021-11-20T07:30:58.992] [DEBUG] cheese - login => username:admin,password:123456
[2021-11-20T07:30:58.992] [DEBUG] cheese - admin
[2021-11-20T07:30:58.995] [DEBUG] cheese - null
[2021-11-20T07:30:58.995] [DEBUG] cheese - null
[2021-11-20T07:31:01.448] [DEBUG] cheese - login => username:admin,password:123456
[2021-11-20T07:31:01.448] [DEBUG] cheese - admin
[2021-11-20T07:31:01.452] [DEBUG] cheese - null
[2021-11-20T07:31:01.452] [DEBUG] cheese - null
[2021-11-20T07:32:06.446] [DEBUG] cheese - login => username:admin,password:123456
[2021-11-20T07:32:06.446] [DEBUG] cheese - admin
[2021-11-20T07:32:06.449] [DEBUG] cheese - null
[2021-11-20T07:32:06.449] [DEBUG] cheese - null
[2021-11-20T07:32:19.081] [DEBUG] cheese - login => username:admin,password:123456
[2021-11-20T07:32:19.081] [DEBUG] cheese - admin
[2021-11-20T07:32:19.084] [DEBUG] cheese - null
[2021-11-20T07:32:19.084] [DEBUG] cheese - null
[2021-11-20T07:34:16.455] [DEBUG] cheese - login => username:admin,password:123456
[2021-11-20T07:34:16.455] [DEBUG] cheese - admin
[2021-11-20T07:34:16.458] [DEBUG] cheese - null
[2021-11-20T07:34:16.458] [DEBUG] cheese - null
[2021-11-20T07:44:55.120] [DEBUG] cheese - login => username:admin,password:123456
[2021-11-20T07:44:55.120] [DEBUG] cheese - admin
[2021-11-20T07:44:55.123] [DEBUG] cheese - null
[2021-11-20T07:44:55.123] [DEBUG] cheese - null
[2021-11-20T07:45:19.048] [DEBUG] cheese - login => username:admin,password:123456
[2021-11-20T07:45:19.048] [DEBUG] cheese - admin
[2021-11-20T07:45:19.051] [DEBUG] cheese - null
[2021-11-20T07:45:19.051] [DEBUG] cheese - null
[2021-11-20T07:51:33.127] [DEBUG] cheese - login => username:admin,password:123456
[2021-11-20T07:51:33.127] [DEBUG] cheese - admin
[2021-11-20T07:51:33.131] [DEBUG] cheese - null
[2021-11-20T07:51:33.131] [DEBUG] cheese - null
[2021-11-20T18:30:42.105] [DEBUG] cheese - login => username:admin,password:123456
[2021-11-20T18:30:42.105] [DEBUG] cheese - admin
[2021-11-20T18:30:42.119] [DEBUG] cheese - null
[2021-11-20T18:30:42.120] [DEBUG] cheese - null
[2021-11-20T18:34:46.128] [DEBUG] cheese - login => username:admin,password:123456
[2021-11-20T18:34:46.130] [DEBUG] cheese - admin
[2021-11-20T18:34:46.161] [DEBUG] cheese - null
[2021-11-20T18:34:46.161] [DEBUG] cheese - null
[2021-11-20T18:34:50.541] [DEBUG] cheese - login => username:admin,password:123456
[2021-11-20T18:34:50.541] [DEBUG] cheese - admin
[2021-11-20T18:34:50.545] [DEBUG] cheese - null
[2021-11-20T18:34:50.545] [DEBUG] cheese - null
[2021-11-20T18:34:55.381] [DEBUG] cheese - login => username:admin,password:123456
[2021-11-20T18:34:55.382] [DEBUG] cheese - admin
[2021-11-20T18:34:55.385] [DEBUG] cheese - null
[2021-11-20T18:34:55.386] [DEBUG] cheese - null
[2021-11-20T18:38:26.892] [DEBUG] cheese - login => username:admin,password:123456
[2021-11-20T18:38:26.892] [DEBUG] cheese - admin
[2021-11-20T18:38:26.897] [DEBUG] cheese - null
[2021-11-20T18:38:26.897] [DEBUG] cheese - null
[2021-11-20T19:07:17.319] [DEBUG] cheese - login => username:admin,password:123456
[2021-11-20T19:07:17.319] [DEBUG] cheese - admin
[2021-11-20T19:07:17.330] [DEBUG] cheese - null
[2021-11-20T19:07:17.330] [DEBUG] cheese - null
[2021-11-20T20:39:05.767] [DEBUG] cheese - login => username:admin,password:123456
[2021-11-20T20:39:05.768] [DEBUG] cheese - admin
[2021-11-20T20:39:05.783] [DEBUG] cheese - null
[2021-11-20T20:39:05.783] [DEBUG] cheese - null
[2021-11-20T20:41:02.958] [DEBUG] cheese - login => username:admin,password:123456
[2021-11-20T20:41:02.958] [DEBUG] cheese - admin
[2021-11-20T20:41:02.961] [DEBUG] cheese - null
[2021-11-20T20:41:02.962] [DEBUG] cheese - null
[2021-11-20T20:41:32.956] [DEBUG] cheese - login => username:admin,password:123456
[2021-11-20T20:41:32.956] [DEBUG] cheese - admin
[2021-11-20T20:41:32.959] [DEBUG] cheese - null
[2021-11-20T20:41:32.959] [DEBUG] cheese - null
[2021-11-20T21:15:55.257] [DEBUG] cheese - login => username:admin,password:123456
[2021-11-20T21:15:55.258] [DEBUG] cheese - admin
[2021-11-20T21:15:55.263] [DEBUG] cheese - null
[2021-11-20T21:15:55.264] [DEBUG] cheese - null
[2021-11-20T22:25:04.007] [DEBUG] cheese - login => username:admin,password:123456
[2021-11-20T22:25:04.008] [DEBUG] cheese - admin
[2021-11-20T22:25:04.013] [DEBUG] cheese - null
[2021-11-20T22:25:04.013] [DEBUG] cheese - null
[2021-11-20T22:41:01.190] [DEBUG] cheese - login => username:admin,password:123456
[2021-11-20T22:41:01.190] [DEBUG] cheese - admin
[2021-11-20T22:41:01.193] [DEBUG] cheese - null
[2021-11-20T22:41:01.193] [DEBUG] cheese - null
[2021-11-20T22:58:43.192] [DEBUG] cheese - login => username:admin,password:123456
[2021-11-20T22:58:43.192] [DEBUG] cheese - admin
[2021-11-20T22:58:43.195] [DEBUG] cheese - null
[2021-11-20T22:58:43.195] [DEBUG] cheese - null
[2021-11-20T23:02:36.912] [DEBUG] cheese - login => username:admin,password:123456
[2021-11-20T23:02:36.912] [DEBUG] cheese - admin
[2021-11-20T23:02:36.917] [DEBUG] cheese - null
[2021-11-20T23:02:36.917] [DEBUG] cheese - null
[2021-11-20T23:03:18.434] [DEBUG] cheese - login => username:admin,password:123456
[2021-11-20T23:03:18.434] [DEBUG] cheese - admin
[2021-11-20T23:03:18.439] [DEBUG] cheese - null
[2021-11-20T23:03:18.439] [DEBUG] cheese - null
[2021-11-20T23:10:09.542] [DEBUG] cheese - login => username:admin,password:123456
[2021-11-20T23:10:09.542] [DEBUG] cheese - admin
[2021-11-20T23:10:09.545] [DEBUG] cheese - null
[2021-11-20T23:10:09.545] [DEBUG] cheese - null
[2021-11-20T23:15:05.656] [DEBUG] cheese - login => username:admin,password:123456
[2021-11-20T23:15:05.656] [DEBUG] cheese - admin
[2021-11-20T23:15:05.660] [DEBUG] cheese - null
[2021-11-20T23:15:05.660] [DEBUG] cheese - null
[2021-11-20T23:26:37.424] [DEBUG] cheese - login => username:admin,password:123456
[2021-11-20T23:26:37.424] [DEBUG] cheese - admin
[2021-11-20T23:26:37.427] [DEBUG] cheese - null
[2021-11-20T23:26:37.428] [DEBUG] cheese - null
[2021-11-20T23:27:50.142] [DEBUG] cheese - login => username:admin,password:123456
[2021-11-20T23:27:50.143] [DEBUG] cheese - admin
[2021-11-20T23:27:50.146] [DEBUG] cheese - null
[2021-11-20T23:27:50.146] [DEBUG] cheese - null
[2021-11-21T01:44:28.087] [DEBUG] cheese - login => username:admin,password:123456
[2021-11-21T01:44:28.088] [DEBUG] cheese - admin
[2021-11-21T01:44:28.094] [DEBUG] cheese - null
[2021-11-21T01:44:28.094] [DEBUG] cheese - null
[2021-11-21T02:08:42.407] [DEBUG] cheese - login => username:admin,password:123456
[2021-11-21T02:08:42.407] [DEBUG] cheese - admin
[2021-11-21T02:08:42.409] [DEBUG] cheese - null
[2021-11-21T02:08:42.409] [DEBUG] cheese - null
[2021-11-21T03:25:30.203] [DEBUG] cheese - login => username:admin,password:123456
[2021-11-21T03:25:30.204] [DEBUG] cheese - admin
[2021-11-21T03:25:30.215] [DEBUG] cheese - null
[2021-11-21T03:25:30.215] [DEBUG] cheese - null
[2021-11-21T04:21:32.256] [DEBUG] cheese - login => username:admin,password:123456
[2021-11-21T04:21:32.257] [DEBUG] cheese - admin
[2021-11-21T04:21:32.264] [DEBUG] cheese - null
[2021-11-21T04:21:32.264] [DEBUG] cheese - null
[2021-11-21T04:28:47.219] [DEBUG] cheese - login => username:admin,password:123456
[2021-11-21T04:28:47.219] [DEBUG] cheese - admin
[2021-11-21T04:28:47.221] [DEBUG] cheese - null
[2021-11-21T04:28:47.221] [DEBUG] cheese - null
[2021-11-21T06:20:07.390] [DEBUG] cheese - login => username:admin,password:123456
[2021-11-21T06:20:07.391] [DEBUG] cheese - admin
[2021-11-21T06:20:07.433] [DEBUG] cheese - null
[2021-11-21T06:20:07.433] [DEBUG] cheese - null
[2021-11-21T07:58:30.238] [DEBUG] cheese - login => username:admin,password:123456
[2021-11-21T07:58:30.239] [DEBUG] cheese - admin
[2021-11-21T07:58:30.241] [DEBUG] cheese - null
[2021-11-21T07:58:30.242] [DEBUG] cheese - null
[2021-11-21T19:48:18.753] [DEBUG] cheese - login => username:admin,password:123456
[2021-11-21T19:48:18.754] [DEBUG] cheese - admin
[2021-11-21T19:48:18.758] [DEBUG] cheese - null
[2021-11-21T19:48:18.758] [DEBUG] cheese - null
[2021-11-22T01:15:18.597] [DEBUG] cheese - login => username:admin,password:123456
[2021-11-22T01:15:18.599] [DEBUG] cheese - admin
[2021-11-22T01:15:18.606] [DEBUG] cheese - null
[2021-11-22T01:15:18.606] [DEBUG] cheese - null
[2021-11-22T01:18:19.584] [DEBUG] cheese - login => username:admin,password:123456
[2021-11-22T01:18:19.584] [DEBUG] cheese - admin
[2021-11-22T01:18:19.588] [DEBUG] cheese - null
[2021-11-22T01:18:19.588] [DEBUG] cheese - null
[2021-11-22T04:15:43.603] [DEBUG] cheese - null
[2021-11-22T04:17:45.668] [DEBUG] cheese - null
[2021-11-22T04:17:50.308] [DEBUG] cheese - null
[2021-11-22T04:17:55.010] [DEBUG] cheese - null
[2021-11-22T04:18:37.174] [DEBUG] cheese - null
[2021-11-22T04:21:51.340] [DEBUG] cheese - null
[2021-11-22T04:31:25.877] [DEBUG] cheese - login => username:admin,password:123456
[2021-11-22T04:31:25.878] [DEBUG] cheese - admin
[2021-11-22T04:31:25.882] [DEBUG] cheese - null
[2021-11-22T04:31:25.882] [DEBUG] cheese - null
[2021-11-22T06:51:06.944] [DEBUG] cheese - null
[2021-11-22T06:51:09.046] [DEBUG] cheese - null
[2021-11-22T07:08:38.244] [DEBUG] cheese - login => username:admin,password:123456
[2021-11-22T07:08:38.244] [DEBUG] cheese - admin
[2021-11-22T07:08:38.246] [DEBUG] cheese - null
[2021-11-22T07:08:38.246] [DEBUG] cheese - null
[2021-11-22T08:03:34.920] [DEBUG] cheese - login => username:admin,password:123456
[2021-11-22T08:03:34.921] [DEBUG] cheese - admin
[2021-11-22T08:03:34.965] [DEBUG] cheese - null
[2021-11-22T08:03:34.966] [DEBUG] cheese - null
[2021-11-22T08:06:25.263] [DEBUG] cheese - login => username:admin,password:123456
[2021-11-22T08:06:25.265] [DEBUG] cheese - admin
[2021-11-22T08:06:25.269] [DEBUG] cheese - null
[2021-11-22T08:06:25.270] [DEBUG] cheese - null
[2021-11-22T23:46:19.808] [DEBUG] cheese - login => username:admin,password:123456
[2021-11-22T23:46:19.809] [DEBUG] cheese - admin
[2021-11-22T23:46:19.866] [DEBUG] cheese - null
[2021-11-22T23:46:19.867] [DEBUG] cheese - null
[2021-11-23T16:18:07.677] [DEBUG] cheese - login => username:admin,password:123456
[2021-11-23T16:18:07.679] [DEBUG] cheese - admin
[2021-11-23T16:18:07.684] [DEBUG] cheese - null
[2021-11-23T16:18:07.684] [DEBUG] cheese - null
[2021-11-24T08:51:30.067] [DEBUG] cheese - login => username:admin,password:123456
[2021-11-24T08:51:30.070] [DEBUG] cheese - admin
[2021-11-24T08:51:30.075] [DEBUG] cheese - null
[2021-11-24T08:51:30.076] [DEBUG] cheese - null
[2021-11-24T23:00:11.809] [DEBUG] cheese - login => username:admin,password:123456
[2021-11-24T23:00:11.811] [DEBUG] cheese - admin
[2021-11-24T23:00:11.876] [DEBUG] cheese - null
[2021-11-24T23:00:11.877] [DEBUG] cheese - null
[2021-11-25T00:34:40.895] [DEBUG] cheese - login => username:admin,password:123456
[2021-11-25T00:34:40.897] [DEBUG] cheese - admin
[2021-11-25T00:34:40.903] [DEBUG] cheese - null
[2021-11-25T00:34:40.904] [DEBUG] cheese - null
[2021-11-25T00:35:17.707] [DEBUG] cheese - login => username:admin,password:123456
[2021-11-25T00:35:17.709] [DEBUG] cheese - admin
[2021-11-25T00:35:17.721] [DEBUG] cheese - null
[2021-11-25T00:35:17.721] [DEBUG] cheese - null
[2021-11-25T00:37:04.461] [DEBUG] cheese - login => username:admin,password:123456
[2021-11-25T00:37:04.463] [DEBUG] cheese - admin
[2021-11-25T00:37:04.480] [DEBUG] cheese - null
[2021-11-25T00:37:04.480] [DEBUG] cheese - null
[2021-11-25T00:41:24.622] [DEBUG] cheese - login => username:admin,password:123456
[2021-11-25T00:41:24.624] [DEBUG] cheese - admin
[2021-11-25T00:41:24.629] [DEBUG] cheese - null
[2021-11-25T00:41:24.630] [DEBUG] cheese - null
[2021-11-25T02:00:54.399] [DEBUG] cheese - login => username:admin,password:123456
[2021-11-25T02:00:54.402] [DEBUG] cheese - admin
[2021-11-25T02:00:54.406] [DEBUG] cheese - null
[2021-11-25T02:00:54.406] [DEBUG] cheese - null
[2021-11-25T02:51:28.266] [DEBUG] cheese - login => username:admin,password:123456
[2021-11-25T02:51:28.268] [DEBUG] cheese - admin
[2021-11-25T02:51:28.272] [DEBUG] cheese - null
[2021-11-25T02:51:28.273] [DEBUG] cheese - null
[2021-11-26T16:34:28.881] [DEBUG] cheese - login => username:admin,password:123456
[2021-11-26T16:34:28.882] [DEBUG] cheese - admin
[2021-11-26T16:34:28.926] [DEBUG] cheese - null
[2021-11-26T16:34:28.927] [DEBUG] cheese - null
[2021-11-26T20:19:13.757] [DEBUG] cheese - login => username:admin,password:123456
[2021-11-26T20:19:13.759] [DEBUG] cheese - admin
[2021-11-26T20:19:13.798] [DEBUG] cheese - null
[2021-11-26T20:19:13.799] [DEBUG] cheese - null
[2021-11-26T22:15:33.391] [DEBUG] cheese - login => username:admin,password:123456
[2021-11-26T22:15:33.392] [DEBUG] cheese - admin
[2021-11-26T22:15:33.430] [DEBUG] cheese - null
[2021-11-26T22:15:33.431] [DEBUG] cheese - null
[2021-11-27T03:29:35.087] [DEBUG] cheese - login => username:admin,password:123456
[2021-11-27T03:29:35.088] [DEBUG] cheese - admin
[2021-11-27T03:29:35.092] [DEBUG] cheese - null
[2021-11-27T03:29:35.093] [DEBUG] cheese - null
[2021-11-27T05:56:36.124] [DEBUG] cheese - null
[2021-11-27T06:02:10.338] [DEBUG] cheese - login => username:admin,password:123456
[2021-11-27T06:02:10.340] [DEBUG] cheese - admin
[2021-11-27T06:02:10.346] [DEBUG] cheese - null
[2021-11-27T06:02:10.346] [DEBUG] cheese - null
[2021-11-27T07:15:39.082] [DEBUG] cheese - login => username:admin,password:123456
[2021-11-27T07:15:39.083] [DEBUG] cheese - admin
[2021-11-27T07:15:39.108] [DEBUG] cheese - null
[2021-11-27T07:15:39.108] [DEBUG] cheese - null
[2021-11-27T07:47:28.399] [DEBUG] cheese - login => username:admin,password:123456
[2021-11-27T07:47:28.400] [DEBUG] cheese - admin
[2021-11-27T07:47:28.405] [DEBUG] cheese - null
[2021-11-27T07:47:28.406] [DEBUG] cheese - null
[2021-11-27T08:06:54.187] [DEBUG] cheese - login => username:admin,password:123456
[2021-11-27T08:06:54.189] [DEBUG] cheese - admin
[2021-11-27T08:06:54.205] [DEBUG] cheese - null
[2021-11-27T08:06:54.206] [DEBUG] cheese - null
[2021-11-27T08:07:19.728] [DEBUG] cheese - login => username:admin,password:123456
[2021-11-27T08:07:19.729] [DEBUG] cheese - admin
[2021-11-27T08:07:19.733] [DEBUG] cheese - null
[2021-11-27T08:07:19.734] [DEBUG] cheese - null
[2021-11-27T08:09:35.404] [DEBUG] cheese - login => username:admin,password:123456
[2021-11-27T08:09:35.406] [DEBUG] cheese - admin
[2021-11-27T08:09:35.411] [DEBUG] cheese - null
[2021-11-27T08:09:35.411] [DEBUG] cheese - null
[2021-11-27T08:12:56.604] [DEBUG] cheese - login => username:admin,password:123456
[2021-11-27T08:12:56.604] [DEBUG] cheese - admin
[2021-11-27T08:12:56.607] [DEBUG] cheese - null
[2021-11-27T08:12:56.607] [DEBUG] cheese - null
[2021-11-28T23:14:51.013] [DEBUG] cheese - login => username:admin,password:123456
[2021-11-28T23:14:51.015] [DEBUG] cheese - admin
[2021-11-28T23:14:51.058] [DEBUG] cheese - null
[2021-11-28T23:14:51.059] [DEBUG] cheese - null
